
========================[ Oct 13, 2011  9:51 AM ]========================
Version 2.2.22 [Sep-27-2009]
Started database file "ALL_HLA_CDS.fasta"
Formatted 6521 sequences in volume 0
SUCCESS: formatted database ALL_HLA_CDS.fasta

========================[ Oct 13, 2011  9:52 AM ]========================
Version 2.2.22 [Sep-27-2009]
Started database file "HLA_ABC_CDS.fasta"
Formatted 4602 sequences in volume 0
SUCCESS: formatted database HLA_ABC_CDS.fasta

========================[ Oct 13, 2011  9:52 AM ]========================
Version 2.2.22 [Sep-27-2009]
Started database file "HLA_ABC_EX23.fasta"
Formatted 4602 sequences in volume 0
SUCCESS: formatted database HLA_ABC_EX23.fasta

========================[ Oct 13, 2011  9:52 AM ]========================
Version 2.2.22 [Sep-27-2009]
Started database file "HLA_ABC_GEN.fasta"
Formatted 349 sequences in volume 0
SUCCESS: formatted database HLA_ABC_GEN.fasta

========================[ Oct 13, 2011 10:35 AM ]========================
Version 2.2.22 [Sep-27-2009]
Started database file "HLA_ABC_CDS.fasta"
Formatted 4602 sequences in volume 0
SUCCESS: formatted database HLA_ABC_CDS.fasta

========================[ Mar 22, 2012 11:52 AM ]========================
Version 2.2.22 [Sep-27-2009]
Started database file "HLA_ABC_CDS.fasta"
Formatted 5397 sequences in volume 0
SUCCESS: formatted database HLA_ABC_CDS.fasta

========================[ Mar 22, 2012 11:53 AM ]========================
Version 2.2.22 [Sep-27-2009]
Started database file "HLA_ABC_GEN.fasta"
Formatted 357 sequences in volume 0
SUCCESS: formatted database HLA_ABC_GEN.fasta

========================[ May 14, 2012 11:32 AM ]========================
Version 2.2.22 [Sep-27-2009]
Started database file "HLA-I_II_genomic.fasta"
Formatted 625 sequences in volume 0
SUCCESS: formatted database HLA-I_II_genomic.fasta

========================[ May 14, 2012 11:36 AM ]========================
Version 2.2.22 [Sep-27-2009]
Started database file "HLA-I_II_genomic.fasta"
Formatted 625 sequences in volume 0
SUCCESS: formatted database HLA-I_II_genomic.fasta

========================[ May 14, 2012 11:36 AM ]========================
Version 2.2.22 [Sep-27-2009]
Started database file "HLA-I_II_GEN.fasta"
Formatted 625 sequences in volume 0
SUCCESS: formatted database HLA-I_II_GEN.fasta

========================[ May 14, 2012 11:46 AM ]========================
Version 2.2.22 [Sep-27-2009]
Started database file "HLA-I_II_GEN.fasta"
Formatted 462 sequences in volume 0
SUCCESS: formatted database HLA-I_II_GEN.fasta

========================[ May 14, 2012 11:50 AM ]========================
Version 2.2.22 [Sep-27-2009]
Started database file "HLA-I_II_CDS.fasta"
Formatted 8622 sequences in volume 0
SUCCESS: formatted database HLA-I_II_CDS.fasta

========================[ Oct 18, 2013  3:01 PM ]========================
Version 2.2.22 [Sep-27-2009]
Started database file "HLA_ABC_CDS.fasta"
Formatted 7546 sequences in volume 0
SUCCESS: formatted database HLA_ABC_CDS.fasta

========================[ Oct 18, 2013  3:03 PM ]========================
Version 2.2.22 [Sep-27-2009]
Started database file "HLA-I_II_CDS.fasta"
Formatted 11319 sequences in volume 0
SUCCESS: formatted database HLA-I_II_CDS.fasta

========================[ Oct 18, 2013  3:04 PM ]========================
Version 2.2.22 [Sep-27-2009]
Started database file "HLA-I_II_GEN.fasta"
Formatted 549 sequences in volume 0
SUCCESS: formatted database HLA-I_II_GEN.fasta

========================[ Feb 20, 2014  9:55 AM ]========================
Version 2.2.22 [Sep-27-2009]
Started database file "HLA_ABC_CDS.fasta"
Formatted 7996 sequences in volume 0
SUCCESS: formatted database HLA_ABC_CDS.fasta

========================[ Feb 20, 2014  9:57 AM ]========================
Version 2.2.22 [Sep-27-2009]
Started database file "HLA-I_II_CDS.fasta"
Formatted 11948 sequences in volume 0
SUCCESS: formatted database HLA-I_II_CDS.fasta

========================[ Feb 20, 2014 10:03 AM ]========================
Version 2.2.22 [Sep-27-2009]
Started database file "HLA-I_II_GEN.fasta"
Formatted 564 sequences in volume 0
SUCCESS: formatted database HLA-I_II_GEN.fasta

========================[ Sep 16, 2014  3:35 PM ]========================
Version 2.2.22 [Sep-27-2009]
Started database file "HLA-I_II_CDS.fasta"
Formatted 13387 sequences in volume 0
SUCCESS: formatted database HLA-I_II_CDS.fasta

========================[ Sep 16, 2014  3:36 PM ]========================
Version 2.2.22 [Sep-27-2009]
Started database file "HLA-I_II_GEN.fasta"
Formatted 619 sequences in volume 0
SUCCESS: formatted database HLA-I_II_GEN.fasta

========================[ Sep 16, 2014  3:39 PM ]========================
Version 2.2.22 [Sep-27-2009]
Started database file "HLA_ABC_CDS.fasta"
Formatted 8844 sequences in volume 0
SUCCESS: formatted database HLA_ABC_CDS.fasta

========================[ Feb 11, 2015  7:43 AM ]========================
Version 2.2.22 [Sep-27-2009]
Started database file "HLA_ABC_CDS.fasta"
FDBFinish: Empty nucleotide database...
SUCCESS: formatted database HLA_ABC_CDS.fasta

========================[ Feb 11, 2015  7:44 AM ]========================
Version 2.2.22 [Sep-27-2009]
Started database file "HLA_ABC_CDS.fasta"
FDBFinish: Empty nucleotide database...
SUCCESS: formatted database HLA_ABC_CDS.fasta

========================[ Feb 11, 2015  7:44 AM ]========================
Version 2.2.22 [Sep-27-2009]
Started database file "HLA-I_II_CDS.fasta"
FDBFinish: Empty nucleotide database...
SUCCESS: formatted database HLA-I_II_CDS.fasta

========================[ Feb 11, 2015  7:44 AM ]========================
Version 2.2.22 [Sep-27-2009]
Started database file "HLA-I_II_GEN.fasta"
FDBFinish: Empty nucleotide database...
SUCCESS: formatted database HLA-I_II_GEN.fasta

========================[ Feb 11, 2015  8:04 AM ]========================
Version 2.2.22 [Sep-27-2009]
Started database file "HLA_ABC_CDS.fasta"
FDBFinish: Empty nucleotide database...
SUCCESS: formatted database HLA_ABC_CDS.fasta

========================[ Feb 11, 2015  8:07 AM ]========================
Version 2.2.22 [Sep-27-2009]
Started database file "HLA_ABC_CDS.fasta"
Formatted 9308 sequences in volume 0
SUCCESS: formatted database HLA_ABC_CDS.fasta

========================[ Feb 11, 2015  8:08 AM ]========================
Version 2.2.22 [Sep-27-2009]
Started database file "HLA-I_II_CDS.fasta"
Formatted 14183 sequences in volume 0
SUCCESS: formatted database HLA-I_II_CDS.fasta

========================[ Feb 11, 2015  8:09 AM ]========================
Version 2.2.22 [Sep-27-2009]
Started database file "HLA-I_II_GEN.fasta"
Formatted 709 sequences in volume 0
SUCCESS: formatted database HLA-I_II_GEN.fasta

========================[ Feb 11, 2015  8:38 AM ]========================
Version 2.2.22 [Sep-27-2009]
Started database file "HLA_ABC_CDS.fasta"
Formatted 9308 sequences in volume 0
SUCCESS: formatted database HLA_ABC_CDS.fasta

========================[ Feb 11, 2015 11:02 AM ]========================
Version 2.2.22 [Sep-27-2009]
Started database file "HLA_ABC_CDS.fasta"
Formatted 9308 sequences in volume 0
SUCCESS: formatted database HLA_ABC_CDS.fasta

========================[ Feb 11, 2015 11:03 AM ]========================
Version 2.2.22 [Sep-27-2009]
Started database file "HLA-I_II_CDS.fasta"
Formatted 14183 sequences in volume 0
SUCCESS: formatted database HLA-I_II_CDS.fasta

========================[ Feb 11, 2015 11:04 AM ]========================
Version 2.2.22 [Sep-27-2009]
Started database file "HLA-I_II_GEN.fasta"
Formatted 709 sequences in volume 0
SUCCESS: formatted database HLA-I_II_GEN.fasta
